-- The C compiler identification is GNU 9.4.0
-- The CXX compiler identification is GNU 9.4.0
-- Check for working C compiler: /usr/bin/cc
-- Check for working C compiler: /usr/bin/cc -- works
-- Detecting C compiler ABI info
-- Detecting C compiler ABI info - done
-- Detecting C compile features
-- Detecting C compile features - done
-- Check for working CXX compiler: /usr/bin/c++
-- Check for working CXX compiler: /usr/bin/c++ -- works
-- Detecting CXX compiler ABI info
-- Detecting CXX compiler ABI info - done
-- Detecting CXX compile features
-- Detecting CXX compile features - done
-- Found ament_cmake: 0.9.9 (/opt/ros/foxy/share/ament_cmake/cmake)
-- Found PythonInterp: /usr/bin/python3 (found suitable version "3.8.10", minimum required is "3") 
-- Using PYTHON_EXECUTABLE: /usr/bin/python3
-- Override CMake install command with custom implementation using symlinks instead of copying resources
-- Found rclcpp: 2.4.1 (/opt/ros/foxy/share/rclcpp/cmake)
-- Using all available rosidl_typesupport_c: rosidl_typesupport_fastrtps_c;rosidl_typesupport_introspection_c
-- Found rosidl_adapter: 1.2.1 (/opt/ros/foxy/share/rosidl_adapter/cmake)
-- Found OpenSSL: /usr/lib/x86_64-linux-gnu/libcrypto.so (found version "1.1.1f")  
-- Found FastRTPS: /opt/ros/foxy/include  
-- Using all available rosidl_typesupport_cpp: rosidl_typesupport_fastrtps_cpp;rosidl_typesupport_introspection_cpp
-- Found rmw_implementation_cmake: 1.0.3 (/opt/ros/foxy/share/rmw_implementation_cmake/cmake)
-- Using RMW implementation 'rmw_cyclonedds_cpp' as default
-- Looking for pthread.h
-- Looking for pthread.h - found
-- Performing Test CMAKE_HAVE_LIBC_PTHREAD
-- Performing Test CMAKE_HAVE_LIBC_PTHREAD - Failed
-- Looking for pthread_create in pthreads
-- Looking for pthread_create in pthreads - not found
-- Looking for pthread_create in pthread
-- Looking for pthread_create in pthread - found
-- Found Threads: TRUE  
-- Found rt_msgs: 0.0.0 (/home/osboxes/ros2-end-to-end/ros2_system/install/rt_msgs/share/rt_msgs/cmake)
-- Configuring done
-- Generating done
-- Build files have been written to: /home/osboxes/ros2-end-to-end/ros2_system/build/rt_nodes
[35m[1mScanning dependencies of target rtnode[0m
[ 25%] [32mBuilding CXX object CMakeFiles/rtnode.dir/src/rt_node.cpp.o[0m
[ 50%] [32m[1mLinking CXX shared library librtnode.so[0m
[ 50%] Built target rtnode
[35m[1mScanning dependencies of target run_system[0m
[ 75%] [32mBuilding CXX object CMakeFiles/run_system.dir/src/main.cpp.o[0m
[100%] [32m[1mLinking CXX executable run_system[0m
[100%] Built target run_system
-- Install configuration: ""
-- Execute custom install script
-- Symlinking: /home/osboxes/ros2-end-to-end/ros2_system/install/rt_nodes/lib/rt_nodes/run_system
-- Symlinking: /home/osboxes/ros2-end-to-end/ros2_system/install/rt_nodes/lib/librtnode.so
-- Symlinking: /home/osboxes/ros2-end-to-end/ros2_system/install/rt_nodes/include/rt_nodes/rt_nodes/rt_node.hpp
-- Symlinking: /home/osboxes/ros2-end-to-end/ros2_system/install/rt_nodes/include/rt_nodes/rt_nodes/rt_register.hpp
-- Symlinking: /home/osboxes/ros2-end-to-end/ros2_system/install/rt_nodes/include//rt_nodes/rt_node.hpp
-- Symlinking: /home/osboxes/ros2-end-to-end/ros2_system/install/rt_nodes/include//rt_nodes/rt_register.hpp
-- Symlinking: /home/osboxes/ros2-end-to-end/ros2_system/install/rt_nodes/share/ament_index/resource_index/package_run_dependencies/rt_nodes
-- Symlinking: /home/osboxes/ros2-end-to-end/ros2_system/install/rt_nodes/share/ament_index/resource_index/parent_prefix_path/rt_nodes
-- Symlinking: /home/osboxes/ros2-end-to-end/ros2_system/install/rt_nodes/share/rt_nodes/environment/ament_prefix_path.sh
-- Symlinking: /home/osboxes/ros2-end-to-end/ros2_system/install/rt_nodes/share/rt_nodes/environment/ament_prefix_path.dsv
-- Symlinking: /home/osboxes/ros2-end-to-end/ros2_system/install/rt_nodes/share/rt_nodes/environment/path.sh
-- Symlinking: /home/osboxes/ros2-end-to-end/ros2_system/install/rt_nodes/share/rt_nodes/environment/path.dsv
-- Symlinking: /home/osboxes/ros2-end-to-end/ros2_system/install/rt_nodes/share/rt_nodes/local_setup.bash
-- Symlinking: /home/osboxes/ros2-end-to-end/ros2_system/install/rt_nodes/share/rt_nodes/local_setup.sh
-- Symlinking: /home/osboxes/ros2-end-to-end/ros2_system/install/rt_nodes/share/rt_nodes/local_setup.zsh
-- Symlinking: /home/osboxes/ros2-end-to-end/ros2_system/install/rt_nodes/share/rt_nodes/local_setup.dsv
-- Symlinking: /home/osboxes/ros2-end-to-end/ros2_system/install/rt_nodes/share/rt_nodes/package.dsv
-- Symlinking: /home/osboxes/ros2-end-to-end/ros2_system/install/rt_nodes/share/ament_index/resource_index/packages/rt_nodes
-- Symlinking: /home/osboxes/ros2-end-to-end/ros2_system/install/rt_nodes/share/rt_nodes/cmake/ament_cmake_export_include_directories-extras.cmake
-- Symlinking: /home/osboxes/ros2-end-to-end/ros2_system/install/rt_nodes/share/rt_nodes/cmake/rt_nodesConfig.cmake
-- Symlinking: /home/osboxes/ros2-end-to-end/ros2_system/install/rt_nodes/share/rt_nodes/cmake/rt_nodesConfig-version.cmake
-- Symlinking: /home/osboxes/ros2-end-to-end/ros2_system/install/rt_nodes/share/rt_nodes/package.xml
