[0.089s] DEBUG:colcon:Command line arguments: ['/usr/bin/colcon', 'build', '--symlink-install']
[0.089s] DEBUG:colcon:Parsed command line arguments: Namespace(allow_overriding=[], ament_cmake_args=None, base_paths=['.'], build_base='build', catkin_cmake_args=None, catkin_skip_building_tests=False, cmake_args=None, cmake_clean_cache=False, cmake_clean_first=False, cmake_force_configure=False, cmake_target=None, cmake_target_skip_unavailable=False, continue_on_error=False, event_handlers=None, executor='parallel', ignore_user_meta=False, install_base='install', log_base=None, log_level=None, main=<bound method BuildVerb.main of <colcon_core.verb.build.BuildVerb object at 0x7f6247008d60>>, merge_install=False, metas=['./colcon.meta'], packages_above=None, packages_above_and_dependencies=None, packages_above_depth=None, packages_end=None, packages_ignore=None, packages_ignore_regex=None, packages_select=None, packages_select_build_failed=False, packages_select_by_dep=None, packages_select_regex=None, packages_select_test_failures=False, packages_skip=None, packages_skip_build_finished=False, packages_skip_by_dep=None, packages_skip_regex=None, packages_skip_test_passed=False, packages_skip_up_to=None, packages_start=None, packages_up_to=None, packages_up_to_regex=None, parallel_workers=8, paths=None, symlink_install=True, test_result_base=None, verb_extension=<colcon_core.verb.build.BuildVerb object at 0x7f6247008d60>, verb_name='build', verb_parser=<colcon_defaults.argument_parser.defaults.DefaultArgumentsDecorator object at 0x7f624700d310>)
[0.104s] Level 1:colcon.colcon_core.package_discovery:discover_packages(colcon_meta) check parameters
[0.105s] Level 1:colcon.colcon_core.package_discovery:discover_packages(recursive) check parameters
[0.105s] Level 1:colcon.colcon_core.package_discovery:discover_packages(ignore) check parameters
[0.105s] Level 1:colcon.colcon_core.package_discovery:discover_packages(path) check parameters
[0.105s] Level 1:colcon.colcon_core.package_discovery:discover_packages(colcon_meta) discover
[0.105s] Level 1:colcon.colcon_core.package_discovery:discover_packages(recursive) discover
[0.105s] INFO:colcon.colcon_core.package_discovery:Crawling recursively for packages in '/home/osboxes/ros2-end-to-end/ros2_system'
[0.105s] Level 1:colcon.colcon_core.package_identification:_identify(.) by extensions ['ignore', 'ignore_ament_install']
[0.105s] Level 1:colcon.colcon_core.package_identification:_identify(.) by extension 'ignore'
[0.105s] Level 1:colcon.colcon_core.package_identification:_identify(.) by extension 'ignore_ament_install'
[0.105s] Level 1:colcon.colcon_core.package_identification:_identify(.) by extensions ['colcon_pkg']
[0.105s] Level 1:colcon.colcon_core.package_identification:_identify(.) by extension 'colcon_pkg'
[0.105s] Level 1:colcon.colcon_core.package_identification:_identify(.) by extensions ['colcon_meta']
[0.105s] Level 1:colcon.colcon_core.package_identification:_identify(.) by extension 'colcon_meta'
[0.105s] Level 1:colcon.colcon_core.package_identification:_identify(.) by extensions ['ros']
[0.105s] Level 1:colcon.colcon_core.package_identification:_identify(.) by extension 'ros'
[0.111s] Level 1:colcon.colcon_core.package_identification:_identify(.) by extensions ['cmake', 'python']
[0.111s] Level 1:colcon.colcon_core.package_identification:_identify(.) by extension 'cmake'
[0.111s] Level 1:colcon.colcon_core.package_identification:_identify(.) by extension 'python'
[0.111s] Level 1:colcon.colcon_core.package_identification:_identify(.) by extensions ['python_setup_py']
[0.111s] Level 1:colcon.colcon_core.package_identification:_identify(.) by extension 'python_setup_py'
[0.111s] Level 1:colcon.colcon_core.package_identification:_identify(build) by extensions ['ignore', 'ignore_ament_install']
[0.111s] Level 1:colcon.colcon_core.package_identification:_identify(build) by extension 'ignore'
[0.112s] Level 1:colcon.colcon_core.package_identification:_identify(build) ignored
[0.112s] Level 1:colcon.colcon_core.package_identification:_identify(install) by extensions ['ignore', 'ignore_ament_install']
[0.112s] Level 1:colcon.colcon_core.package_identification:_identify(install) by extension 'ignore'
[0.112s] Level 1:colcon.colcon_core.package_identification:_identify(install) ignored
[0.112s] Level 1:colcon.colcon_core.package_identification:_identify(log) by extensions ['ignore', 'ignore_ament_install']
[0.112s] Level 1:colcon.colcon_core.package_identification:_identify(log) by extension 'ignore'
[0.112s] Level 1:colcon.colcon_core.package_identification:_identify(log) ignored
[0.112s] Level 1:colcon.colcon_core.package_identification:_identify(src) by extensions ['ignore', 'ignore_ament_install']
[0.112s] Level 1:colcon.colcon_core.package_identification:_identify(src) by extension 'ignore'
[0.112s] Level 1:colcon.colcon_core.package_identification:_identify(src) by extension 'ignore_ament_install'
[0.112s] Level 1:colcon.colcon_core.package_identification:_identify(src) by extensions ['colcon_pkg']
[0.112s] Level 1:colcon.colcon_core.package_identification:_identify(src) by extension 'colcon_pkg'
[0.112s] Level 1:colcon.colcon_core.package_identification:_identify(src) by extensions ['colcon_meta']
[0.112s] Level 1:colcon.colcon_core.package_identification:_identify(src) by extension 'colcon_meta'
[0.112s] Level 1:colcon.colcon_core.package_identification:_identify(src) by extensions ['ros']
[0.112s] Level 1:colcon.colcon_core.package_identification:_identify(src) by extension 'ros'
[0.112s] Level 1:colcon.colcon_core.package_identification:_identify(src) by extensions ['cmake', 'python']
[0.112s] Level 1:colcon.colcon_core.package_identification:_identify(src) by extension 'cmake'
[0.112s] Level 1:colcon.colcon_core.package_identification:_identify(src) by extension 'python'
[0.112s] Level 1:colcon.colcon_core.package_identification:_identify(src) by extensions ['python_setup_py']
[0.112s] Level 1:colcon.colcon_core.package_identification:_identify(src) by extension 'python_setup_py'
[0.112s] Level 1:colcon.colcon_core.package_identification:_identify(src/rt_msgs) by extensions ['ignore', 'ignore_ament_install']
[0.112s] Level 1:colcon.colcon_core.package_identification:_identify(src/rt_msgs) by extension 'ignore'
[0.112s] Level 1:colcon.colcon_core.package_identification:_identify(src/rt_msgs) by extension 'ignore_ament_install'
[0.112s] Level 1:colcon.colcon_core.package_identification:_identify(src/rt_msgs) by extensions ['colcon_pkg']
[0.112s] Level 1:colcon.colcon_core.package_identification:_identify(src/rt_msgs) by extension 'colcon_pkg'
[0.112s] Level 1:colcon.colcon_core.package_identification:_identify(src/rt_msgs) by extensions ['colcon_meta']
[0.112s] Level 1:colcon.colcon_core.package_identification:_identify(src/rt_msgs) by extension 'colcon_meta'
[0.112s] Level 1:colcon.colcon_core.package_identification:_identify(src/rt_msgs) by extensions ['ros']
[0.113s] Level 1:colcon.colcon_core.package_identification:_identify(src/rt_msgs) by extension 'ros'
[0.114s] DEBUG:colcon.colcon_core.package_identification:Package 'src/rt_msgs' with type 'ros.ament_cmake' and name 'rt_msgs'
[0.114s] Level 1:colcon.colcon_core.package_identification:_identify(src/rt_nodes) by extensions ['ignore', 'ignore_ament_install']
[0.114s] Level 1:colcon.colcon_core.package_identification:_identify(src/rt_nodes) by extension 'ignore'
[0.114s] Level 1:colcon.colcon_core.package_identification:_identify(src/rt_nodes) by extension 'ignore_ament_install'
[0.114s] Level 1:colcon.colcon_core.package_identification:_identify(src/rt_nodes) by extensions ['colcon_pkg']
[0.114s] Level 1:colcon.colcon_core.package_identification:_identify(src/rt_nodes) by extension 'colcon_pkg'
[0.114s] Level 1:colcon.colcon_core.package_identification:_identify(src/rt_nodes) by extensions ['colcon_meta']
[0.114s] Level 1:colcon.colcon_core.package_identification:_identify(src/rt_nodes) by extension 'colcon_meta'
[0.114s] Level 1:colcon.colcon_core.package_identification:_identify(src/rt_nodes) by extensions ['ros']
[0.114s] Level 1:colcon.colcon_core.package_identification:_identify(src/rt_nodes) by extension 'ros'
[0.115s] DEBUG:colcon.colcon_core.package_identification:Package 'src/rt_nodes' with type 'ros.ament_cmake' and name 'rt_nodes'
[0.115s] Level 1:colcon.colcon_core.package_discovery:discover_packages(recursive) using defaults
[0.115s] Level 1:colcon.colcon_core.package_discovery:discover_packages(ignore) discover
[0.115s] Level 1:colcon.colcon_core.package_discovery:discover_packages(ignore) using defaults
[0.115s] Level 1:colcon.colcon_core.package_discovery:discover_packages(path) discover
[0.115s] Level 1:colcon.colcon_core.package_discovery:discover_packages(path) using defaults
[0.131s] Level 1:colcon.colcon_core.package_discovery:discover_packages(prefix_path) check parameters
[0.131s] Level 1:colcon.colcon_core.package_discovery:discover_packages(prefix_path) discover
[0.133s] DEBUG:colcon.colcon_installed_package_information.package_discovery:Found 257 installed packages in /opt/ros/foxy
[0.133s] Level 1:colcon.colcon_core.package_discovery:discover_packages(prefix_path) using defaults
[0.174s] Level 5:colcon.colcon_core.verb:set package 'rt_msgs' build argument 'cmake_args' from command line to 'None'
[0.174s] Level 5:colcon.colcon_core.verb:set package 'rt_msgs' build argument 'cmake_target' from command line to 'None'
[0.174s] Level 5:colcon.colcon_core.verb:set package 'rt_msgs' build argument 'cmake_target_skip_unavailable' from command line to 'False'
[0.174s] Level 5:colcon.colcon_core.verb:set package 'rt_msgs' build argument 'cmake_clean_cache' from command line to 'False'
[0.174s] Level 5:colcon.colcon_core.verb:set package 'rt_msgs' build argument 'cmake_clean_first' from command line to 'False'
[0.174s] Level 5:colcon.colcon_core.verb:set package 'rt_msgs' build argument 'cmake_force_configure' from command line to 'False'
[0.174s] Level 5:colcon.colcon_core.verb:set package 'rt_msgs' build argument 'ament_cmake_args' from command line to 'None'
[0.174s] Level 5:colcon.colcon_core.verb:set package 'rt_msgs' build argument 'catkin_cmake_args' from command line to 'None'
[0.174s] Level 5:colcon.colcon_core.verb:set package 'rt_msgs' build argument 'catkin_skip_building_tests' from command line to 'False'
[0.174s] DEBUG:colcon.colcon_core.verb:Building package 'rt_msgs' with the following arguments: {'ament_cmake_args': None, 'build_base': '/home/osboxes/ros2-end-to-end/ros2_system/build/rt_msgs', 'catkin_cmake_args': None, 'catkin_skip_building_tests': False, 'cmake_args': None, 'cmake_clean_cache': False, 'cmake_clean_first': False, 'cmake_force_configure': False, 'cmake_target': None, 'cmake_target_skip_unavailable': False, 'install_base': '/home/osboxes/ros2-end-to-end/ros2_system/install/rt_msgs', 'merge_install': False, 'path': '/home/osboxes/ros2-end-to-end/ros2_system/src/rt_msgs', 'symlink_install': True, 'test_result_base': None}
[0.175s] Level 5:colcon.colcon_core.verb:set package 'rt_nodes' build argument 'cmake_args' from command line to 'None'
[0.175s] Level 5:colcon.colcon_core.verb:set package 'rt_nodes' build argument 'cmake_target' from command line to 'None'
[0.175s] Level 5:colcon.colcon_core.verb:set package 'rt_nodes' build argument 'cmake_target_skip_unavailable' from command line to 'False'
[0.175s] Level 5:colcon.colcon_core.verb:set package 'rt_nodes' build argument 'cmake_clean_cache' from command line to 'False'
[0.175s] Level 5:colcon.colcon_core.verb:set package 'rt_nodes' build argument 'cmake_clean_first' from command line to 'False'
[0.175s] Level 5:colcon.colcon_core.verb:set package 'rt_nodes' build argument 'cmake_force_configure' from command line to 'False'
[0.175s] Level 5:colcon.colcon_core.verb:set package 'rt_nodes' build argument 'ament_cmake_args' from command line to 'None'
[0.175s] Level 5:colcon.colcon_core.verb:set package 'rt_nodes' build argument 'catkin_cmake_args' from command line to 'None'
[0.175s] Level 5:colcon.colcon_core.verb:set package 'rt_nodes' build argument 'catkin_skip_building_tests' from command line to 'False'
[0.175s] DEBUG:colcon.colcon_core.verb:Building package 'rt_nodes' with the following arguments: {'ament_cmake_args': None, 'build_base': '/home/osboxes/ros2-end-to-end/ros2_system/build/rt_nodes', 'catkin_cmake_args': None, 'catkin_skip_building_tests': False, 'cmake_args': None, 'cmake_clean_cache': False, 'cmake_clean_first': False, 'cmake_force_configure': False, 'cmake_target': None, 'cmake_target_skip_unavailable': False, 'install_base': '/home/osboxes/ros2-end-to-end/ros2_system/install/rt_nodes', 'merge_install': False, 'path': '/home/osboxes/ros2-end-to-end/ros2_system/src/rt_nodes', 'symlink_install': True, 'test_result_base': None}
[0.175s] INFO:colcon.colcon_core.executor:Executing jobs using 'parallel' executor
[0.178s] DEBUG:colcon.colcon_parallel_executor.executor.parallel:run_until_complete
[0.178s] INFO:colcon.colcon_ros.task.ament_cmake.build:Building ROS package in '/home/osboxes/ros2-end-to-end/ros2_system/src/rt_msgs' with build type 'ament_cmake'
[0.178s] INFO:colcon.colcon_cmake.task.cmake.build:Building CMake package in '/home/osboxes/ros2-end-to-end/ros2_system/src/rt_msgs'
[0.180s] INFO:colcon.colcon_core.plugin_system:Skipping extension 'colcon_core.shell.bat': Not used on non-Windows systems
[0.181s] INFO:colcon.colcon_core.shell:Skip shell extension 'powershell' for command environment: Not usable outside of PowerShell
[0.181s] DEBUG:colcon.colcon_core.shell:Skip shell extension 'dsv' for command environment
[0.188s] DEBUG:colcon.colcon_core.event_handler.log_command:Invoking command in '/home/osboxes/ros2-end-to-end/ros2_system/build/rt_msgs': CMAKE_PREFIX_PATH=/opt/ros/foxy /usr/bin/cmake /home/osboxes/ros2-end-to-end/ros2_system/src/rt_msgs -DAMENT_CMAKE_SYMLINK_INSTALL=1 -DCMAKE_INSTALL_PREFIX=/home/osboxes/ros2-end-to-end/ros2_system/install/rt_msgs
[1.059s] DEBUG:colcon.colcon_core.event_handler.log_command:Invoked command in '/home/osboxes/ros2-end-to-end/ros2_system/build/rt_msgs' returned '0': CMAKE_PREFIX_PATH=/opt/ros/foxy /usr/bin/cmake /home/osboxes/ros2-end-to-end/ros2_system/src/rt_msgs -DAMENT_CMAKE_SYMLINK_INSTALL=1 -DCMAKE_INSTALL_PREFIX=/home/osboxes/ros2-end-to-end/ros2_system/install/rt_msgs
[1.062s] DEBUG:colcon.colcon_core.event_handler.log_command:Invoking command in '/home/osboxes/ros2-end-to-end/ros2_system/build/rt_msgs': CMAKE_PREFIX_PATH=/opt/ros/foxy /usr/bin/cmake --build /home/osboxes/ros2-end-to-end/ros2_system/build/rt_msgs -- -j8 -l8
[2.675s] DEBUG:colcon.colcon_core.event_handler.log_command:Invoked command in '/home/osboxes/ros2-end-to-end/ros2_system/build/rt_msgs' returned '0': CMAKE_PREFIX_PATH=/opt/ros/foxy /usr/bin/cmake --build /home/osboxes/ros2-end-to-end/ros2_system/build/rt_msgs -- -j8 -l8
[2.714s] DEBUG:colcon.colcon_core.event_handler.log_command:Invoking command in '/home/osboxes/ros2-end-to-end/ros2_system/build/rt_msgs': CMAKE_PREFIX_PATH=/opt/ros/foxy /usr/bin/cmake --install /home/osboxes/ros2-end-to-end/ros2_system/build/rt_msgs
[3.043s] Level 1:colcon.colcon_core.environment:create_environment_scripts_only(rt_msgs)
[3.043s] DEBUG:colcon.colcon_core.event_handler.log_command:Invoked command in '/home/osboxes/ros2-end-to-end/ros2_system/build/rt_msgs' returned '0': CMAKE_PREFIX_PATH=/opt/ros/foxy /usr/bin/cmake --install /home/osboxes/ros2-end-to-end/ros2_system/build/rt_msgs
[3.046s] Level 1:colcon.colcon_core.environment:checking '/home/osboxes/ros2-end-to-end/ros2_system/install/rt_msgs' for CMake module files
[3.047s] Level 1:colcon.colcon_core.environment:checking '/home/osboxes/ros2-end-to-end/ros2_system/install/rt_msgs' for CMake config files
[3.047s] Level 1:colcon.colcon_core.shell:create_environment_hook('rt_msgs', 'cmake_prefix_path')
[3.048s] INFO:colcon.colcon_core.shell:Creating environment hook '/home/osboxes/ros2-end-to-end/ros2_system/install/rt_msgs/share/rt_msgs/hook/cmake_prefix_path.ps1'
[3.048s] INFO:colcon.colcon_core.shell:Creating environment descriptor '/home/osboxes/ros2-end-to-end/ros2_system/install/rt_msgs/share/rt_msgs/hook/cmake_prefix_path.dsv'
[3.049s] INFO:colcon.colcon_core.shell:Creating environment hook '/home/osboxes/ros2-end-to-end/ros2_system/install/rt_msgs/share/rt_msgs/hook/cmake_prefix_path.sh'
[3.049s] Level 1:colcon.colcon_core.environment:checking '/home/osboxes/ros2-end-to-end/ros2_system/install/rt_msgs/lib'
[3.049s] Level 1:colcon.colcon_core.shell:create_environment_hook('rt_msgs', 'ld_library_path_lib')
[3.050s] INFO:colcon.colcon_core.shell:Creating environment hook '/home/osboxes/ros2-end-to-end/ros2_system/install/rt_msgs/share/rt_msgs/hook/ld_library_path_lib.ps1'
[3.050s] INFO:colcon.colcon_core.shell:Creating environment descriptor '/home/osboxes/ros2-end-to-end/ros2_system/install/rt_msgs/share/rt_msgs/hook/ld_library_path_lib.dsv'
[3.050s] INFO:colcon.colcon_core.shell:Creating environment hook '/home/osboxes/ros2-end-to-end/ros2_system/install/rt_msgs/share/rt_msgs/hook/ld_library_path_lib.sh'
[3.051s] Level 1:colcon.colcon_core.environment:checking '/home/osboxes/ros2-end-to-end/ros2_system/install/rt_msgs/bin'
[3.051s] Level 1:colcon.colcon_core.environment:checking '/home/osboxes/ros2-end-to-end/ros2_system/install/rt_msgs/lib/pkgconfig/rt_msgs.pc'
[3.051s] Level 1:colcon.colcon_core.environment:checking '/home/osboxes/ros2-end-to-end/ros2_system/install/rt_msgs/lib/python3.8/site-packages'
[3.051s] Level 1:colcon.colcon_core.shell:create_environment_hook('rt_msgs', 'pythonpath')
[3.052s] INFO:colcon.colcon_core.shell:Creating environment hook '/home/osboxes/ros2-end-to-end/ros2_system/install/rt_msgs/share/rt_msgs/hook/pythonpath.ps1'
[3.052s] INFO:colcon.colcon_core.shell:Creating environment descriptor '/home/osboxes/ros2-end-to-end/ros2_system/install/rt_msgs/share/rt_msgs/hook/pythonpath.dsv'
[3.052s] INFO:colcon.colcon_core.shell:Creating environment hook '/home/osboxes/ros2-end-to-end/ros2_system/install/rt_msgs/share/rt_msgs/hook/pythonpath.sh'
[3.052s] Level 1:colcon.colcon_core.environment:checking '/home/osboxes/ros2-end-to-end/ros2_system/install/rt_msgs/bin'
[3.053s] INFO:colcon.colcon_core.shell:Creating package script '/home/osboxes/ros2-end-to-end/ros2_system/install/rt_msgs/share/rt_msgs/package.ps1'
[3.054s] INFO:colcon.colcon_core.shell:Creating package descriptor '/home/osboxes/ros2-end-to-end/ros2_system/install/rt_msgs/share/rt_msgs/package.dsv'
[3.054s] INFO:colcon.colcon_core.shell:Creating package script '/home/osboxes/ros2-end-to-end/ros2_system/install/rt_msgs/share/rt_msgs/package.sh'
[3.054s] INFO:colcon.colcon_core.shell:Creating package script '/home/osboxes/ros2-end-to-end/ros2_system/install/rt_msgs/share/rt_msgs/package.bash'
[3.055s] INFO:colcon.colcon_core.shell:Creating package script '/home/osboxes/ros2-end-to-end/ros2_system/install/rt_msgs/share/rt_msgs/package.zsh'
[3.055s] Level 1:colcon.colcon_core.environment:create_file_with_runtime_dependencies(/home/osboxes/ros2-end-to-end/ros2_system/install/rt_msgs/share/colcon-core/packages/rt_msgs)
[3.089s] Level 1:colcon.colcon_core.environment:create_environment_scripts_only(rt_msgs)
[3.090s] Level 1:colcon.colcon_core.environment:checking '/home/osboxes/ros2-end-to-end/ros2_system/install/rt_msgs' for CMake module files
[3.091s] Level 1:colcon.colcon_core.environment:checking '/home/osboxes/ros2-end-to-end/ros2_system/install/rt_msgs' for CMake config files
[3.091s] Level 1:colcon.colcon_core.shell:create_environment_hook('rt_msgs', 'cmake_prefix_path')
[3.092s] INFO:colcon.colcon_core.shell:Creating environment hook '/home/osboxes/ros2-end-to-end/ros2_system/install/rt_msgs/share/rt_msgs/hook/cmake_prefix_path.ps1'
[3.092s] INFO:colcon.colcon_core.shell:Creating environment descriptor '/home/osboxes/ros2-end-to-end/ros2_system/install/rt_msgs/share/rt_msgs/hook/cmake_prefix_path.dsv'
[3.092s] INFO:colcon.colcon_core.shell:Creating environment hook '/home/osboxes/ros2-end-to-end/ros2_system/install/rt_msgs/share/rt_msgs/hook/cmake_prefix_path.sh'
[3.093s] Level 1:colcon.colcon_core.environment:checking '/home/osboxes/ros2-end-to-end/ros2_system/install/rt_msgs/lib'
[3.093s] Level 1:colcon.colcon_core.shell:create_environment_hook('rt_msgs', 'ld_library_path_lib')
[3.093s] INFO:colcon.colcon_core.shell:Creating environment hook '/home/osboxes/ros2-end-to-end/ros2_system/install/rt_msgs/share/rt_msgs/hook/ld_library_path_lib.ps1'
[3.094s] INFO:colcon.colcon_core.shell:Creating environment descriptor '/home/osboxes/ros2-end-to-end/ros2_system/install/rt_msgs/share/rt_msgs/hook/ld_library_path_lib.dsv'
[3.094s] INFO:colcon.colcon_core.shell:Creating environment hook '/home/osboxes/ros2-end-to-end/ros2_system/install/rt_msgs/share/rt_msgs/hook/ld_library_path_lib.sh'
[3.094s] Level 1:colcon.colcon_core.environment:checking '/home/osboxes/ros2-end-to-end/ros2_system/install/rt_msgs/bin'
[3.094s] Level 1:colcon.colcon_core.environment:checking '/home/osboxes/ros2-end-to-end/ros2_system/install/rt_msgs/lib/pkgconfig/rt_msgs.pc'
[3.094s] Level 1:colcon.colcon_core.environment:checking '/home/osboxes/ros2-end-to-end/ros2_system/install/rt_msgs/lib/python3.8/site-packages'
[3.094s] Level 1:colcon.colcon_core.shell:create_environment_hook('rt_msgs', 'pythonpath')
[3.095s] INFO:colcon.colcon_core.shell:Creating environment hook '/home/osboxes/ros2-end-to-end/ros2_system/install/rt_msgs/share/rt_msgs/hook/pythonpath.ps1'
[3.095s] INFO:colcon.colcon_core.shell:Creating environment descriptor '/home/osboxes/ros2-end-to-end/ros2_system/install/rt_msgs/share/rt_msgs/hook/pythonpath.dsv'
[3.095s] INFO:colcon.colcon_core.shell:Creating environment hook '/home/osboxes/ros2-end-to-end/ros2_system/install/rt_msgs/share/rt_msgs/hook/pythonpath.sh'
[3.096s] Level 1:colcon.colcon_core.environment:checking '/home/osboxes/ros2-end-to-end/ros2_system/install/rt_msgs/bin'
[3.097s] INFO:colcon.colcon_core.shell:Creating package script '/home/osboxes/ros2-end-to-end/ros2_system/install/rt_msgs/share/rt_msgs/package.ps1'
[3.097s] INFO:colcon.colcon_core.shell:Creating package descriptor '/home/osboxes/ros2-end-to-end/ros2_system/install/rt_msgs/share/rt_msgs/package.dsv'
[3.097s] INFO:colcon.colcon_core.shell:Creating package script '/home/osboxes/ros2-end-to-end/ros2_system/install/rt_msgs/share/rt_msgs/package.sh'
[3.097s] INFO:colcon.colcon_core.shell:Creating package script '/home/osboxes/ros2-end-to-end/ros2_system/install/rt_msgs/share/rt_msgs/package.bash'
[3.098s] INFO:colcon.colcon_core.shell:Creating package script '/home/osboxes/ros2-end-to-end/ros2_system/install/rt_msgs/share/rt_msgs/package.zsh'
[3.098s] Level 1:colcon.colcon_core.environment:create_file_with_runtime_dependencies(/home/osboxes/ros2-end-to-end/ros2_system/install/rt_msgs/share/colcon-core/packages/rt_msgs)
[3.098s] INFO:colcon.colcon_ros.task.ament_cmake.build:Building ROS package in '/home/osboxes/ros2-end-to-end/ros2_system/src/rt_nodes' with build type 'ament_cmake'
[3.098s] INFO:colcon.colcon_cmake.task.cmake.build:Building CMake package in '/home/osboxes/ros2-end-to-end/ros2_system/src/rt_nodes'
[3.099s] INFO:colcon.colcon_core.shell:Skip shell extension 'powershell' for command environment: Not usable outside of PowerShell
[3.099s] DEBUG:colcon.colcon_core.shell:Skip shell extension 'dsv' for command environment
[3.107s] DEBUG:colcon.colcon_core.event_handler.log_command:Invoking command in '/home/osboxes/ros2-end-to-end/ros2_system/build/rt_nodes': AMENT_PREFIX_PATH=/home/osboxes/ros2-end-to-end/ros2_system/install/rt_msgs:${AMENT_PREFIX_PATH} CMAKE_PREFIX_PATH=/home/osboxes/ros2-end-to-end/ros2_system/install/rt_msgs:/opt/ros/foxy LD_LIBRARY_PATH=/home/osboxes/ros2-end-to-end/ros2_system/install/rt_msgs/lib:${LD_LIBRARY_PATH} PYTHONPATH=/home/osboxes/ros2-end-to-end/ros2_system/install/rt_msgs/lib/python3.8/site-packages:${PYTHONPATH} /usr/bin/cmake /home/osboxes/ros2-end-to-end/ros2_system/src/rt_nodes -DAMENT_CMAKE_SYMLINK_INSTALL=1 -DCMAKE_INSTALL_PREFIX=/home/osboxes/ros2-end-to-end/ros2_system/install/rt_nodes
[3.962s] DEBUG:colcon.colcon_core.event_handler.log_command:Invoked command in '/home/osboxes/ros2-end-to-end/ros2_system/build/rt_nodes' returned '0': AMENT_PREFIX_PATH=/home/osboxes/ros2-end-to-end/ros2_system/install/rt_msgs:${AMENT_PREFIX_PATH} CMAKE_PREFIX_PATH=/home/osboxes/ros2-end-to-end/ros2_system/install/rt_msgs:/opt/ros/foxy LD_LIBRARY_PATH=/home/osboxes/ros2-end-to-end/ros2_system/install/rt_msgs/lib:${LD_LIBRARY_PATH} PYTHONPATH=/home/osboxes/ros2-end-to-end/ros2_system/install/rt_msgs/lib/python3.8/site-packages:${PYTHONPATH} /usr/bin/cmake /home/osboxes/ros2-end-to-end/ros2_system/src/rt_nodes -DAMENT_CMAKE_SYMLINK_INSTALL=1 -DCMAKE_INSTALL_PREFIX=/home/osboxes/ros2-end-to-end/ros2_system/install/rt_nodes
[3.964s] DEBUG:colcon.colcon_core.event_handler.log_command:Invoking command in '/home/osboxes/ros2-end-to-end/ros2_system/build/rt_nodes': AMENT_PREFIX_PATH=/home/osboxes/ros2-end-to-end/ros2_system/install/rt_msgs:${AMENT_PREFIX_PATH} CMAKE_PREFIX_PATH=/home/osboxes/ros2-end-to-end/ros2_system/install/rt_msgs:/opt/ros/foxy LD_LIBRARY_PATH=/home/osboxes/ros2-end-to-end/ros2_system/install/rt_msgs/lib:${LD_LIBRARY_PATH} PYTHONPATH=/home/osboxes/ros2-end-to-end/ros2_system/install/rt_msgs/lib/python3.8/site-packages:${PYTHONPATH} /usr/bin/cmake --build /home/osboxes/ros2-end-to-end/ros2_system/build/rt_nodes -- -j8 -l8
[9.575s] DEBUG:colcon.colcon_core.event_handler.log_command:Invoked command in '/home/osboxes/ros2-end-to-end/ros2_system/build/rt_nodes' returned '0': AMENT_PREFIX_PATH=/home/osboxes/ros2-end-to-end/ros2_system/install/rt_msgs:${AMENT_PREFIX_PATH} CMAKE_PREFIX_PATH=/home/osboxes/ros2-end-to-end/ros2_system/install/rt_msgs:/opt/ros/foxy LD_LIBRARY_PATH=/home/osboxes/ros2-end-to-end/ros2_system/install/rt_msgs/lib:${LD_LIBRARY_PATH} PYTHONPATH=/home/osboxes/ros2-end-to-end/ros2_system/install/rt_msgs/lib/python3.8/site-packages:${PYTHONPATH} /usr/bin/cmake --build /home/osboxes/ros2-end-to-end/ros2_system/build/rt_nodes -- -j8 -l8
[9.589s] DEBUG:colcon.colcon_core.event_handler.log_command:Invoking command in '/home/osboxes/ros2-end-to-end/ros2_system/build/rt_nodes': AMENT_PREFIX_PATH=/home/osboxes/ros2-end-to-end/ros2_system/install/rt_msgs:${AMENT_PREFIX_PATH} CMAKE_PREFIX_PATH=/home/osboxes/ros2-end-to-end/ros2_system/install/rt_msgs:/opt/ros/foxy LD_LIBRARY_PATH=/home/osboxes/ros2-end-to-end/ros2_system/install/rt_msgs/lib:${LD_LIBRARY_PATH} PYTHONPATH=/home/osboxes/ros2-end-to-end/ros2_system/install/rt_msgs/lib/python3.8/site-packages:${PYTHONPATH} /usr/bin/cmake --install /home/osboxes/ros2-end-to-end/ros2_system/build/rt_nodes
[9.691s] Level 1:colcon.colcon_core.environment:create_environment_scripts_only(rt_nodes)
[9.692s] Level 1:colcon.colcon_core.environment:checking '/home/osboxes/ros2-end-to-end/ros2_system/install/rt_nodes' for CMake module files
[9.693s] DEBUG:colcon.colcon_core.event_handler.log_command:Invoked command in '/home/osboxes/ros2-end-to-end/ros2_system/build/rt_nodes' returned '0': AMENT_PREFIX_PATH=/home/osboxes/ros2-end-to-end/ros2_system/install/rt_msgs:${AMENT_PREFIX_PATH} CMAKE_PREFIX_PATH=/home/osboxes/ros2-end-to-end/ros2_system/install/rt_msgs:/opt/ros/foxy LD_LIBRARY_PATH=/home/osboxes/ros2-end-to-end/ros2_system/install/rt_msgs/lib:${LD_LIBRARY_PATH} PYTHONPATH=/home/osboxes/ros2-end-to-end/ros2_system/install/rt_msgs/lib/python3.8/site-packages:${PYTHONPATH} /usr/bin/cmake --install /home/osboxes/ros2-end-to-end/ros2_system/build/rt_nodes
[9.693s] Level 1:colcon.colcon_core.environment:checking '/home/osboxes/ros2-end-to-end/ros2_system/install/rt_nodes' for CMake config files
[9.693s] Level 1:colcon.colcon_core.shell:create_environment_hook('rt_nodes', 'cmake_prefix_path')
[9.694s] INFO:colcon.colcon_core.shell:Creating environment hook '/home/osboxes/ros2-end-to-end/ros2_system/install/rt_nodes/share/rt_nodes/hook/cmake_prefix_path.ps1'
[9.695s] INFO:colcon.colcon_core.shell:Creating environment descriptor '/home/osboxes/ros2-end-to-end/ros2_system/install/rt_nodes/share/rt_nodes/hook/cmake_prefix_path.dsv'
[9.695s] INFO:colcon.colcon_core.shell:Creating environment hook '/home/osboxes/ros2-end-to-end/ros2_system/install/rt_nodes/share/rt_nodes/hook/cmake_prefix_path.sh'
[9.695s] Level 1:colcon.colcon_core.environment:checking '/home/osboxes/ros2-end-to-end/ros2_system/install/rt_nodes/lib'
[9.695s] Level 1:colcon.colcon_core.shell:create_environment_hook('rt_nodes', 'ld_library_path_lib')
[9.696s] INFO:colcon.colcon_core.shell:Creating environment hook '/home/osboxes/ros2-end-to-end/ros2_system/install/rt_nodes/share/rt_nodes/hook/ld_library_path_lib.ps1'
[9.696s] INFO:colcon.colcon_core.shell:Creating environment descriptor '/home/osboxes/ros2-end-to-end/ros2_system/install/rt_nodes/share/rt_nodes/hook/ld_library_path_lib.dsv'
[9.696s] INFO:colcon.colcon_core.shell:Creating environment hook '/home/osboxes/ros2-end-to-end/ros2_system/install/rt_nodes/share/rt_nodes/hook/ld_library_path_lib.sh'
[9.697s] Level 1:colcon.colcon_core.environment:checking '/home/osboxes/ros2-end-to-end/ros2_system/install/rt_nodes/bin'
[9.697s] Level 1:colcon.colcon_core.environment:checking '/home/osboxes/ros2-end-to-end/ros2_system/install/rt_nodes/lib/pkgconfig/rt_nodes.pc'
[9.697s] Level 1:colcon.colcon_core.environment:checking '/home/osboxes/ros2-end-to-end/ros2_system/install/rt_nodes/lib/python3.8/site-packages'
[9.697s] Level 1:colcon.colcon_core.environment:checking '/home/osboxes/ros2-end-to-end/ros2_system/install/rt_nodes/bin'
[9.698s] INFO:colcon.colcon_core.shell:Creating package script '/home/osboxes/ros2-end-to-end/ros2_system/install/rt_nodes/share/rt_nodes/package.ps1'
[9.699s] INFO:colcon.colcon_core.shell:Creating package descriptor '/home/osboxes/ros2-end-to-end/ros2_system/install/rt_nodes/share/rt_nodes/package.dsv'
[9.699s] INFO:colcon.colcon_core.shell:Creating package script '/home/osboxes/ros2-end-to-end/ros2_system/install/rt_nodes/share/rt_nodes/package.sh'
[9.699s] INFO:colcon.colcon_core.shell:Creating package script '/home/osboxes/ros2-end-to-end/ros2_system/install/rt_nodes/share/rt_nodes/package.bash'
[9.699s] INFO:colcon.colcon_core.shell:Creating package script '/home/osboxes/ros2-end-to-end/ros2_system/install/rt_nodes/share/rt_nodes/package.zsh'
[9.700s] Level 1:colcon.colcon_core.environment:create_file_with_runtime_dependencies(/home/osboxes/ros2-end-to-end/ros2_system/install/rt_nodes/share/colcon-core/packages/rt_nodes)
[9.714s] Level 1:colcon.colcon_core.environment:create_environment_scripts_only(rt_nodes)
[9.715s] Level 1:colcon.colcon_core.environment:checking '/home/osboxes/ros2-end-to-end/ros2_system/install/rt_nodes' for CMake module files
[9.715s] Level 1:colcon.colcon_core.environment:checking '/home/osboxes/ros2-end-to-end/ros2_system/install/rt_nodes' for CMake config files
[9.715s] Level 1:colcon.colcon_core.shell:create_environment_hook('rt_nodes', 'cmake_prefix_path')
[9.716s] INFO:colcon.colcon_core.shell:Creating environment hook '/home/osboxes/ros2-end-to-end/ros2_system/install/rt_nodes/share/rt_nodes/hook/cmake_prefix_path.ps1'
[9.716s] INFO:colcon.colcon_core.shell:Creating environment descriptor '/home/osboxes/ros2-end-to-end/ros2_system/install/rt_nodes/share/rt_nodes/hook/cmake_prefix_path.dsv'
[9.717s] INFO:colcon.colcon_core.shell:Creating environment hook '/home/osboxes/ros2-end-to-end/ros2_system/install/rt_nodes/share/rt_nodes/hook/cmake_prefix_path.sh'
[9.717s] Level 1:colcon.colcon_core.environment:checking '/home/osboxes/ros2-end-to-end/ros2_system/install/rt_nodes/lib'
[9.717s] Level 1:colcon.colcon_core.shell:create_environment_hook('rt_nodes', 'ld_library_path_lib')
[9.718s] INFO:colcon.colcon_core.shell:Creating environment hook '/home/osboxes/ros2-end-to-end/ros2_system/install/rt_nodes/share/rt_nodes/hook/ld_library_path_lib.ps1'
[9.718s] INFO:colcon.colcon_core.shell:Creating environment descriptor '/home/osboxes/ros2-end-to-end/ros2_system/install/rt_nodes/share/rt_nodes/hook/ld_library_path_lib.dsv'
[9.718s] INFO:colcon.colcon_core.shell:Creating environment hook '/home/osboxes/ros2-end-to-end/ros2_system/install/rt_nodes/share/rt_nodes/hook/ld_library_path_lib.sh'
[9.719s] Level 1:colcon.colcon_core.environment:checking '/home/osboxes/ros2-end-to-end/ros2_system/install/rt_nodes/bin'
[9.719s] Level 1:colcon.colcon_core.environment:checking '/home/osboxes/ros2-end-to-end/ros2_system/install/rt_nodes/lib/pkgconfig/rt_nodes.pc'
[9.719s] Level 1:colcon.colcon_core.environment:checking '/home/osboxes/ros2-end-to-end/ros2_system/install/rt_nodes/lib/python3.8/site-packages'
[9.719s] Level 1:colcon.colcon_core.environment:checking '/home/osboxes/ros2-end-to-end/ros2_system/install/rt_nodes/bin'
[9.720s] INFO:colcon.colcon_core.shell:Creating package script '/home/osboxes/ros2-end-to-end/ros2_system/install/rt_nodes/share/rt_nodes/package.ps1'
[9.720s] INFO:colcon.colcon_core.shell:Creating package descriptor '/home/osboxes/ros2-end-to-end/ros2_system/install/rt_nodes/share/rt_nodes/package.dsv'
[9.720s] INFO:colcon.colcon_core.shell:Creating package script '/home/osboxes/ros2-end-to-end/ros2_system/install/rt_nodes/share/rt_nodes/package.sh'
[9.721s] INFO:colcon.colcon_core.shell:Creating package script '/home/osboxes/ros2-end-to-end/ros2_system/install/rt_nodes/share/rt_nodes/package.bash'
[9.721s] INFO:colcon.colcon_core.shell:Creating package script '/home/osboxes/ros2-end-to-end/ros2_system/install/rt_nodes/share/rt_nodes/package.zsh'
[9.722s] Level 1:colcon.colcon_core.environment:create_file_with_runtime_dependencies(/home/osboxes/ros2-end-to-end/ros2_system/install/rt_nodes/share/colcon-core/packages/rt_nodes)
[9.722s] DEBUG:colcon.colcon_parallel_executor.executor.parallel:closing loop
[9.722s] DEBUG:colcon.colcon_parallel_executor.executor.parallel:loop closed
[9.722s] DEBUG:colcon.colcon_parallel_executor.executor.parallel:run_until_complete finished with '0'
[9.722s] DEBUG:colcon.colcon_core.event_reactor:joining thread
[9.727s] INFO:colcon.colcon_core.plugin_system:Skipping extension 'colcon_notification.desktop_notification.terminal_notifier': Not used on non-Darwin systems
[9.727s] INFO:colcon.colcon_core.plugin_system:Skipping extension 'colcon_notification.desktop_notification.win32': Not used on non-Windows systems
[9.727s] INFO:colcon.colcon_notification.desktop_notification:Sending desktop notification using 'notify2'
[9.737s] DEBUG:colcon.colcon_core.event_reactor:joined thread
[9.738s] INFO:colcon.colcon_core.shell:Creating prefix script '/home/osboxes/ros2-end-to-end/ros2_system/install/local_setup.ps1'
[9.738s] INFO:colcon.colcon_core.shell:Creating prefix util module '/home/osboxes/ros2-end-to-end/ros2_system/install/_local_setup_util_ps1.py'
[9.739s] INFO:colcon.colcon_core.shell:Creating prefix chain script '/home/osboxes/ros2-end-to-end/ros2_system/install/setup.ps1'
[9.739s] INFO:colcon.colcon_core.shell:Creating prefix script '/home/osboxes/ros2-end-to-end/ros2_system/install/local_setup.sh'
[9.740s] INFO:colcon.colcon_core.shell:Creating prefix util module '/home/osboxes/ros2-end-to-end/ros2_system/install/_local_setup_util_sh.py'
[9.740s] INFO:colcon.colcon_core.shell:Creating prefix chain script '/home/osboxes/ros2-end-to-end/ros2_system/install/setup.sh'
[9.741s] INFO:colcon.colcon_core.shell:Creating prefix script '/home/osboxes/ros2-end-to-end/ros2_system/install/local_setup.bash'
[9.741s] INFO:colcon.colcon_core.shell:Creating prefix chain script '/home/osboxes/ros2-end-to-end/ros2_system/install/setup.bash'
[9.742s] INFO:colcon.colcon_core.shell:Creating prefix script '/home/osboxes/ros2-end-to-end/ros2_system/install/local_setup.zsh'
[9.742s] INFO:colcon.colcon_core.shell:Creating prefix chain script '/home/osboxes/ros2-end-to-end/ros2_system/install/setup.zsh'
