[0.010s] Invoking command in '/home/osboxes/ros2-end-to-end/ros2_system/build/rt_msgs': CMAKE_PREFIX_PATH=/opt/ros/foxy /usr/bin/cmake /home/osboxes/ros2-end-to-end/ros2_system/src/rt_msgs -DAMENT_CMAKE_SYMLINK_INSTALL=1 -DCMAKE_INSTALL_PREFIX=/home/osboxes/ros2-end-to-end/ros2_system/install/rt_msgs
[0.039s] -- The C compiler identification is GNU 9.4.0
[0.067s] -- The CXX compiler identification is GNU 9.4.0
[0.070s] -- Check for working C compiler: /usr/bin/cc
[0.107s] -- Check for working C compiler: /usr/bin/cc -- works
[0.107s] -- Detecting C compiler ABI info
[0.145s] -- Detecting C compiler ABI info - done
[0.151s] -- Detecting C compile features
[0.151s] -- Detecting C compile features - done
[0.153s] -- Check for working CXX compiler: /usr/bin/c++
[0.195s] -- Check for working CXX compiler: /usr/bin/c++ -- works
[0.195s] -- Detecting CXX compiler ABI info
[0.240s] -- Detecting CXX compiler ABI info - done
[0.247s] -- Detecting CXX compile features
[0.247s] -- Detecting CXX compile features - done
[0.249s] -- Found ament_cmake: 0.9.9 (/opt/ros/foxy/share/ament_cmake/cmake)
[0.262s] -- Found PythonInterp: /usr/bin/python3 (found suitable version "3.8.10", minimum required is "3") 
[0.262s] -- Using PYTHON_EXECUTABLE: /usr/bin/python3
[0.361s] -- Override CMake install command with custom implementation using symlinks instead of copying resources
[0.373s] -- Found builtin_interfaces: 1.0.0 (/opt/ros/foxy/share/builtin_interfaces/cmake)
[0.387s] -- Using all available rosidl_typesupport_c: rosidl_typesupport_fastrtps_c;rosidl_typesupport_introspection_c
[0.390s] -- Found rosidl_adapter: 1.2.1 (/opt/ros/foxy/share/rosidl_adapter/cmake)
[0.427s] -- Found OpenSSL: /usr/lib/x86_64-linux-gnu/libcrypto.so (found version "1.1.1f")  
[0.443s] -- Found FastRTPS: /opt/ros/foxy/include  
[0.485s] -- Using all available rosidl_typesupport_cpp: rosidl_typesupport_fastrtps_cpp;rosidl_typesupport_introspection_cpp
[0.501s] -- Found rosidl_default_generators: 1.0.1 (/opt/ros/foxy/share/rosidl_default_generators/cmake)
[0.507s] -- Found std_msgs: 2.0.5 (/opt/ros/foxy/share/std_msgs/cmake)
[0.530s] -- Found PythonInterp: /usr/bin/python3 (found version "3.8.10") 
[0.619s] -- Found ament_cmake_ros: 0.9.2 (/opt/ros/foxy/share/ament_cmake_ros/cmake)
[0.721s] -- Using all available rosidl_typesupport_c: rosidl_typesupport_fastrtps_c;rosidl_typesupport_introspection_c
[0.759s] -- Using all available rosidl_typesupport_cpp: rosidl_typesupport_fastrtps_cpp;rosidl_typesupport_introspection_cpp
[0.773s] -- Found PythonInterp: /usr/bin/python3 (found suitable version "3.8.10", minimum required is "3.5") 
[0.774s] -- Found python_cmake_module: 0.8.1 (/opt/ros/foxy/share/python_cmake_module/cmake)
[0.789s] -- Found PythonLibs: /usr/lib/x86_64-linux-gnu/libpython3.8.so (found suitable version "3.8.10", minimum required is "3.5") 
[0.789s] -- Using PYTHON_EXECUTABLE: /usr/bin/python3
[0.789s] -- Using PYTHON_INCLUDE_DIRS: /usr/include/python3.8
[0.789s] -- Using PYTHON_LIBRARIES: /usr/lib/x86_64-linux-gnu/libpython3.8.so
[0.801s] -- Found PythonExtra: .so  
[0.846s] -- Configuring done
[0.874s] -- Generating done
[0.876s] -- Build files have been written to: /home/osboxes/ros2-end-to-end/ros2_system/build/rt_msgs
[0.881s] Invoked command in '/home/osboxes/ros2-end-to-end/ros2_system/build/rt_msgs' returned '0': CMAKE_PREFIX_PATH=/opt/ros/foxy /usr/bin/cmake /home/osboxes/ros2-end-to-end/ros2_system/src/rt_msgs -DAMENT_CMAKE_SYMLINK_INSTALL=1 -DCMAKE_INSTALL_PREFIX=/home/osboxes/ros2-end-to-end/ros2_system/install/rt_msgs
[0.883s] Invoking command in '/home/osboxes/ros2-end-to-end/ros2_system/build/rt_msgs': CMAKE_PREFIX_PATH=/opt/ros/foxy /usr/bin/cmake --build /home/osboxes/ros2-end-to-end/ros2_system/build/rt_msgs -- -j8 -l8
[0.905s] [35m[1mScanning dependencies of target rt_msgs__cpp[0m
[0.905s] [  2%] [34m[1mGenerating C code for ROS interfaces[0m
[0.910s] [  5%] [34m[1mGenerating C++ code for ROS interfaces[0m
[1.060s] [  5%] Built target rt_msgs__cpp
[1.065s] [ 10%] [34m[1mGenerating C++ type support for eProsima Fast-RTPS[0m
[1.065s] [ 10%] [34m[1mGenerating C++ type support dispatch for ROS interfaces[0m
[1.066s] [ 12%] [34m[1mGenerating C++ introspection for ROS interfaces[0m
[1.067s] [35m[1mScanning dependencies of target rt_msgs__rosidl_generator_c[0m
[1.074s] [ 17%] [32mBuilding C object CMakeFiles/rt_msgs__rosidl_generator_c.dir/rosidl_generator_c/rt_msgs/msg/detail/rt_header__functions.c.o[0m
[1.074s] [ 17%] [32mBuilding C object CMakeFiles/rt_msgs__rosidl_generator_c.dir/rosidl_generator_c/rt_msgs/msg/detail/rt_entry__functions.c.o[0m
[1.098s] [ 20%] [32m[1mLinking C shared library librt_msgs__rosidl_generator_c.so[0m
[1.119s] [ 20%] Built target rt_msgs__rosidl_generator_c
[1.126s] [ 25%] [34m[1mGenerating C type support dispatch for ROS interfaces[0m
[1.126s] [ 25%] [34m[1mGenerating C introspection for ROS interfaces[0m
[1.195s] [35m[1mScanning dependencies of target rt_msgs__rosidl_typesupport_cpp[0m
[1.202s] [ 28%] [32mBuilding CXX object CMakeFiles/rt_msgs__rosidl_typesupport_cpp.dir/rosidl_typesupport_cpp/rt_msgs/msg/rt_entry__type_support.cpp.o[0m
[1.203s] [ 30%] [32mBuilding CXX object CMakeFiles/rt_msgs__rosidl_typesupport_cpp.dir/rosidl_typesupport_cpp/rt_msgs/msg/rt_header__type_support.cpp.o[0m
[1.205s] [35m[1mScanning dependencies of target rt_msgs__rosidl_typesupport_introspection_cpp[0m
[1.216s] [ 33%] [32mBuilding CXX object CMakeFiles/rt_msgs__rosidl_typesupport_introspection_cpp.dir/rosidl_typesupport_introspection_cpp/rt_msgs/msg/detail/rt_entry__type_support.cpp.o[0m
[1.216s] [ 35%] [32mBuilding CXX object CMakeFiles/rt_msgs__rosidl_typesupport_introspection_cpp.dir/rosidl_typesupport_introspection_cpp/rt_msgs/msg/detail/rt_header__type_support.cpp.o[0m
[1.217s] [35m[1mScanning dependencies of target rt_msgs__rosidl_typesupport_fastrtps_cpp[0m
[1.236s] [ 38%] [32mBuilding CXX object CMakeFiles/rt_msgs__rosidl_typesupport_fastrtps_cpp.dir/rosidl_typesupport_fastrtps_cpp/rt_msgs/msg/detail/dds_fastrtps/rt_entry__type_support.cpp.o[0m
[1.253s] [ 41%] [32mBuilding CXX object CMakeFiles/rt_msgs__rosidl_typesupport_fastrtps_cpp.dir/rosidl_typesupport_fastrtps_cpp/rt_msgs/msg/detail/dds_fastrtps/rt_header__type_support.cpp.o[0m
[1.256s] [35m[1mScanning dependencies of target rt_msgs__rosidl_typesupport_c[0m
[1.268s] [ 43%] [32mBuilding CXX object CMakeFiles/rt_msgs__rosidl_typesupport_c.dir/rosidl_typesupport_c/rt_msgs/msg/rt_entry__type_support.cpp.o[0m
[1.289s] [ 46%] [32mBuilding CXX object CMakeFiles/rt_msgs__rosidl_typesupport_c.dir/rosidl_typesupport_c/rt_msgs/msg/rt_header__type_support.cpp.o[0m
[1.291s] [35m[1mScanning dependencies of target rt_msgs__rosidl_typesupport_introspection_c[0m
[1.307s] [ 48%] [32mBuilding C object CMakeFiles/rt_msgs__rosidl_typesupport_introspection_c.dir/rosidl_typesupport_introspection_c/rt_msgs/msg/detail/rt_entry__type_support.c.o[0m
[1.307s] [ 51%] [32m[1mLinking CXX shared library librt_msgs__rosidl_typesupport_c.so[0m
[1.344s] [ 53%] [32mBuilding C object CMakeFiles/rt_msgs__rosidl_typesupport_introspection_c.dir/rosidl_typesupport_introspection_c/rt_msgs/msg/detail/rt_header__type_support.c.o[0m
[1.350s] [ 53%] Built target rt_msgs__rosidl_typesupport_c
[1.374s] [ 56%] [32m[1mLinking C shared library librt_msgs__rosidl_typesupport_introspection_c.so[0m
[1.381s] [ 58%] [32m[1mLinking CXX shared library librt_msgs__rosidl_typesupport_cpp.so[0m
[1.396s] [ 58%] Built target rt_msgs__rosidl_typesupport_introspection_c
[1.406s] [ 58%] Built target rt_msgs__rosidl_typesupport_cpp
[1.434s] [ 61%] [32m[1mLinking CXX shared library librt_msgs__rosidl_typesupport_introspection_cpp.so[0m
[1.478s] [ 61%] Built target rt_msgs__rosidl_typesupport_introspection_cpp
[1.551s] [ 64%] [32m[1mLinking CXX shared library librt_msgs__rosidl_typesupport_fastrtps_cpp.so[0m
[1.597s] [ 64%] Built target rt_msgs__rosidl_typesupport_fastrtps_cpp
[1.603s] [ 66%] [34m[1mGenerating C type support for eProsima Fast-RTPS[0m
[1.744s] [35m[1mScanning dependencies of target rt_msgs__rosidl_typesupport_fastrtps_c[0m
[1.754s] [ 71%] [32mBuilding CXX object CMakeFiles/rt_msgs__rosidl_typesupport_fastrtps_c.dir/rosidl_typesupport_fastrtps_c/rt_msgs/msg/detail/rt_entry__type_support_c.cpp.o[0m
[1.754s] [ 71%] [32mBuilding CXX object CMakeFiles/rt_msgs__rosidl_typesupport_fastrtps_c.dir/rosidl_typesupport_fastrtps_c/rt_msgs/msg/detail/rt_header__type_support_c.cpp.o[0m
[1.971s] [ 74%] [32m[1mLinking CXX shared library librt_msgs__rosidl_typesupport_fastrtps_c.so[0m
[2.017s] [ 74%] Built target rt_msgs__rosidl_typesupport_fastrtps_c
[2.022s] [35m[1mScanning dependencies of target rt_msgs[0m
[2.027s] [ 74%] Built target rt_msgs
[2.032s] [35m[1mScanning dependencies of target rt_msgs__py[0m
[2.038s] [ 76%] [34m[1mGenerating Python code for ROS interfaces[0m
[2.297s] [ 76%] Built target rt_msgs__py
[2.302s] [35m[1mScanning dependencies of target rt_msgs__python[0m
[2.313s] [ 79%] [32mBuilding C object CMakeFiles/rt_msgs__python.dir/rosidl_generator_py/rt_msgs/msg/_rt_header_s.c.o[0m
[2.313s] [ 82%] [32mBuilding C object CMakeFiles/rt_msgs__python.dir/rosidl_generator_py/rt_msgs/msg/_rt_entry_s.c.o[0m
[2.366s] [ 84%] [32m[1mLinking C shared library rosidl_generator_py/rt_msgs/librt_msgs__python.so[0m
[2.390s] [ 84%] Built target rt_msgs__python
[2.395s] [35m[1mScanning dependencies of target rt_msgs__rosidl_typesupport_introspection_c__pyext[0m
[2.395s] [35m[1mScanning dependencies of target rt_msgs__rosidl_typesupport_fastrtps_c__pyext[0m
[2.395s] [35m[1mScanning dependencies of target rt_msgs__rosidl_typesupport_c__pyext[0m
[2.405s] [ 87%] [32mBuilding C object CMakeFiles/rt_msgs__rosidl_typesupport_c__pyext.dir/rosidl_generator_py/rt_msgs/_rt_msgs_s.ep.rosidl_typesupport_c.c.o[0m
[2.406s] [ 92%] [32mBuilding C object CMakeFiles/rt_msgs__rosidl_typesupport_fastrtps_c__pyext.dir/rosidl_generator_py/rt_msgs/_rt_msgs_s.ep.rosidl_typesupport_fastrtps_c.c.o[0m
[2.406s] [ 92%] [32mBuilding C object CMakeFiles/rt_msgs__rosidl_typesupport_introspection_c__pyext.dir/rosidl_generator_py/rt_msgs/_rt_msgs_s.ep.rosidl_typesupport_introspection_c.c.o[0m
[2.453s] [100%] [32m[1mLinking C shared library rosidl_generator_py/rt_msgs/rt_msgs_s__rosidl_typesupport_introspection_c.cpython-38-x86_64-linux-gnu.so[0m
[2.453s] [100%] [32m[1mLinking C shared library rosidl_generator_py/rt_msgs/rt_msgs_s__rosidl_typesupport_c.cpython-38-x86_64-linux-gnu.so[0m
[2.454s] [100%] [32m[1mLinking CXX shared library rosidl_generator_py/rt_msgs/rt_msgs_s__rosidl_typesupport_fastrtps_c.cpython-38-x86_64-linux-gnu.so[0m
[2.474s] [100%] Built target rt_msgs__rosidl_typesupport_introspection_c__pyext
[2.474s] [100%] Built target rt_msgs__rosidl_typesupport_c__pyext
[2.490s] [100%] Built target rt_msgs__rosidl_typesupport_fastrtps_c__pyext
[2.497s] Invoked command in '/home/osboxes/ros2-end-to-end/ros2_system/build/rt_msgs' returned '0': CMAKE_PREFIX_PATH=/opt/ros/foxy /usr/bin/cmake --build /home/osboxes/ros2-end-to-end/ros2_system/build/rt_msgs -- -j8 -l8
[2.535s] Invoking command in '/home/osboxes/ros2-end-to-end/ros2_system/build/rt_msgs': CMAKE_PREFIX_PATH=/opt/ros/foxy /usr/bin/cmake --install /home/osboxes/ros2-end-to-end/ros2_system/build/rt_msgs
[2.539s] -- Install configuration: ""
[2.539s] -- Execute custom install script
[2.540s] -- Symlinking: /home/osboxes/ros2-end-to-end/ros2_system/install/rt_msgs/share/ament_index/resource_index/rosidl_interfaces/rt_msgs
[2.545s] -- Symlinking: /home/osboxes/ros2-end-to-end/ros2_system/install/rt_msgs/include/rt_msgs/msg/detail/rt_entry__functions.h
[2.549s] -- Symlinking: /home/osboxes/ros2-end-to-end/ros2_system/install/rt_msgs/include/rt_msgs/msg/detail/rt_entry__struct.h
[2.553s] -- Symlinking: /home/osboxes/ros2-end-to-end/ros2_system/install/rt_msgs/include/rt_msgs/msg/detail/rt_entry__type_support.h
[2.557s] -- Symlinking: /home/osboxes/ros2-end-to-end/ros2_system/install/rt_msgs/include/rt_msgs/msg/detail/rt_header__functions.h
[2.562s] -- Symlinking: /home/osboxes/ros2-end-to-end/ros2_system/install/rt_msgs/include/rt_msgs/msg/detail/rt_header__struct.h
[2.566s] -- Symlinking: /home/osboxes/ros2-end-to-end/ros2_system/install/rt_msgs/include/rt_msgs/msg/detail/rt_header__type_support.h
[2.570s] -- Symlinking: /home/osboxes/ros2-end-to-end/ros2_system/install/rt_msgs/include/rt_msgs/msg/rosidl_generator_c__visibility_control.h
[2.574s] -- Symlinking: /home/osboxes/ros2-end-to-end/ros2_system/install/rt_msgs/include/rt_msgs/msg/rt_entry.h
[2.579s] -- Symlinking: /home/osboxes/ros2-end-to-end/ros2_system/install/rt_msgs/include/rt_msgs/msg/rt_header.h
[2.583s] -- Symlinking: /home/osboxes/ros2-end-to-end/ros2_system/install/rt_msgs/share/rt_msgs/environment/library_path.sh
[2.588s] -- Symlinking: /home/osboxes/ros2-end-to-end/ros2_system/install/rt_msgs/share/rt_msgs/environment/library_path.dsv
[2.592s] -- Symlinking: /home/osboxes/ros2-end-to-end/ros2_system/install/rt_msgs/include/rt_msgs/msg/detail/rt_entry__rosidl_typesupport_fastrtps_c.h
[2.597s] -- Symlinking: /home/osboxes/ros2-end-to-end/ros2_system/install/rt_msgs/include/rt_msgs/msg/detail/rt_header__rosidl_typesupport_fastrtps_c.h
[2.601s] -- Symlinking: /home/osboxes/ros2-end-to-end/ros2_system/install/rt_msgs/include/rt_msgs/msg/rosidl_typesupport_fastrtps_c__visibility_control.h
[2.605s] -- Symlinking: /home/osboxes/ros2-end-to-end/ros2_system/install/rt_msgs/lib/librt_msgs__rosidl_typesupport_fastrtps_c.so
[2.610s] -- Symlinking: /home/osboxes/ros2-end-to-end/ros2_system/install/rt_msgs/include/rt_msgs/msg/detail/rt_entry__rosidl_typesupport_fastrtps_cpp.hpp
[2.614s] -- Symlinking: /home/osboxes/ros2-end-to-end/ros2_system/install/rt_msgs/include/rt_msgs/msg/detail/rt_header__rosidl_typesupport_fastrtps_cpp.hpp
[2.618s] -- Symlinking: /home/osboxes/ros2-end-to-end/ros2_system/install/rt_msgs/include/rt_msgs/msg/rosidl_typesupport_fastrtps_cpp__visibility_control.h
[2.623s] -- Symlinking: /home/osboxes/ros2-end-to-end/ros2_system/install/rt_msgs/lib/librt_msgs__rosidl_typesupport_fastrtps_cpp.so
[2.627s] -- Symlinking: /home/osboxes/ros2-end-to-end/ros2_system/install/rt_msgs/include/rt_msgs/msg/detail/rt_entry__rosidl_typesupport_introspection_c.h
[2.632s] -- Symlinking: /home/osboxes/ros2-end-to-end/ros2_system/install/rt_msgs/include/rt_msgs/msg/detail/rt_header__rosidl_typesupport_introspection_c.h
[2.636s] -- Symlinking: /home/osboxes/ros2-end-to-end/ros2_system/install/rt_msgs/include/rt_msgs/msg/rosidl_typesupport_introspection_c__visibility_control.h
[2.640s] -- Symlinking: /home/osboxes/ros2-end-to-end/ros2_system/install/rt_msgs/include/rt_msgs/msg/detail/rt_entry__builder.hpp
[2.644s] -- Symlinking: /home/osboxes/ros2-end-to-end/ros2_system/install/rt_msgs/include/rt_msgs/msg/detail/rt_entry__struct.hpp
[2.649s] -- Symlinking: /home/osboxes/ros2-end-to-end/ros2_system/install/rt_msgs/include/rt_msgs/msg/detail/rt_entry__traits.hpp
[2.653s] -- Symlinking: /home/osboxes/ros2-end-to-end/ros2_system/install/rt_msgs/include/rt_msgs/msg/detail/rt_header__builder.hpp
[2.657s] -- Symlinking: /home/osboxes/ros2-end-to-end/ros2_system/install/rt_msgs/include/rt_msgs/msg/detail/rt_header__struct.hpp
[2.662s] -- Symlinking: /home/osboxes/ros2-end-to-end/ros2_system/install/rt_msgs/include/rt_msgs/msg/detail/rt_header__traits.hpp
[2.666s] -- Symlinking: /home/osboxes/ros2-end-to-end/ros2_system/install/rt_msgs/include/rt_msgs/msg/rt_entry.hpp
[2.670s] -- Symlinking: /home/osboxes/ros2-end-to-end/ros2_system/install/rt_msgs/include/rt_msgs/msg/rt_header.hpp
[2.674s] -- Symlinking: /home/osboxes/ros2-end-to-end/ros2_system/install/rt_msgs/include/rt_msgs/msg/detail/rt_entry__rosidl_typesupport_introspection_cpp.hpp
[2.679s] -- Symlinking: /home/osboxes/ros2-end-to-end/ros2_system/install/rt_msgs/include/rt_msgs/msg/detail/rt_header__rosidl_typesupport_introspection_cpp.hpp
[2.683s] -- Symlinking: /home/osboxes/ros2-end-to-end/ros2_system/install/rt_msgs/share/rt_msgs/environment/pythonpath.sh
[2.687s] -- Symlinking: /home/osboxes/ros2-end-to-end/ros2_system/install/rt_msgs/share/rt_msgs/environment/pythonpath.dsv
[2.692s] -- Symlinking: /home/osboxes/ros2-end-to-end/ros2_system/install/rt_msgs/lib/python3.8/site-packages/rt_msgs/__init__.py
[2.696s] -- Symlinking: /home/osboxes/ros2-end-to-end/ros2_system/install/rt_msgs/lib/python3.8/site-packages/rt_msgs/msg/__init__.py
[2.701s] -- Symlinking: /home/osboxes/ros2-end-to-end/ros2_system/install/rt_msgs/lib/python3.8/site-packages/rt_msgs/msg/_rt_entry.py
[2.705s] -- Symlinking: /home/osboxes/ros2-end-to-end/ros2_system/install/rt_msgs/lib/python3.8/site-packages/rt_msgs/msg/_rt_header.py
[2.709s] -- Symlinking: /home/osboxes/ros2-end-to-end/ros2_system/install/rt_msgs/lib/python3.8/site-packages/rt_msgs/rt_msgs_s__rosidl_typesupport_fastrtps_c.cpython-38-x86_64-linux-gnu.so
[2.714s] -- Symlinking: /home/osboxes/ros2-end-to-end/ros2_system/install/rt_msgs/lib/python3.8/site-packages/rt_msgs/rt_msgs_s__rosidl_typesupport_introspection_c.cpython-38-x86_64-linux-gnu.so
[2.718s] -- Symlinking: /home/osboxes/ros2-end-to-end/ros2_system/install/rt_msgs/lib/python3.8/site-packages/rt_msgs/rt_msgs_s__rosidl_typesupport_c.cpython-38-x86_64-linux-gnu.so
[2.723s] -- Symlinking: /home/osboxes/ros2-end-to-end/ros2_system/install/rt_msgs/lib/librt_msgs__python.so
[2.727s] -- Symlinking: /home/osboxes/ros2-end-to-end/ros2_system/install/rt_msgs/share/rt_msgs/msg/RTEntry.idl
[2.732s] -- Symlinking: /home/osboxes/ros2-end-to-end/ros2_system/install/rt_msgs/share/rt_msgs/msg/RTHeader.idl
[2.736s] -- Symlinking: /home/osboxes/ros2-end-to-end/ros2_system/install/rt_msgs/share/rt_msgs/msg/RTEntry.msg
[2.740s] -- Symlinking: /home/osboxes/ros2-end-to-end/ros2_system/install/rt_msgs/share/rt_msgs/msg/RTHeader.msg
[2.745s] -- Symlinking: /home/osboxes/ros2-end-to-end/ros2_system/install/rt_msgs/share/ament_index/resource_index/package_run_dependencies/rt_msgs
[2.749s] -- Symlinking: /home/osboxes/ros2-end-to-end/ros2_system/install/rt_msgs/share/ament_index/resource_index/parent_prefix_path/rt_msgs
[2.754s] -- Symlinking: /home/osboxes/ros2-end-to-end/ros2_system/install/rt_msgs/share/rt_msgs/environment/ament_prefix_path.sh
[2.758s] -- Symlinking: /home/osboxes/ros2-end-to-end/ros2_system/install/rt_msgs/share/rt_msgs/environment/ament_prefix_path.dsv
[2.762s] -- Symlinking: /home/osboxes/ros2-end-to-end/ros2_system/install/rt_msgs/share/rt_msgs/environment/path.sh
[2.767s] -- Symlinking: /home/osboxes/ros2-end-to-end/ros2_system/install/rt_msgs/share/rt_msgs/environment/path.dsv
[2.771s] -- Symlinking: /home/osboxes/ros2-end-to-end/ros2_system/install/rt_msgs/share/rt_msgs/local_setup.bash
[2.775s] -- Symlinking: /home/osboxes/ros2-end-to-end/ros2_system/install/rt_msgs/share/rt_msgs/local_setup.sh
[2.780s] -- Symlinking: /home/osboxes/ros2-end-to-end/ros2_system/install/rt_msgs/share/rt_msgs/local_setup.zsh
[2.784s] -- Symlinking: /home/osboxes/ros2-end-to-end/ros2_system/install/rt_msgs/share/rt_msgs/local_setup.dsv
[2.789s] -- Symlinking: /home/osboxes/ros2-end-to-end/ros2_system/install/rt_msgs/share/rt_msgs/package.dsv
[2.793s] -- Symlinking: /home/osboxes/ros2-end-to-end/ros2_system/install/rt_msgs/share/ament_index/resource_index/packages/rt_msgs
[2.797s] -- Symlinking: /home/osboxes/ros2-end-to-end/ros2_system/install/rt_msgs/share/rt_msgs/cmake/rosidl_cmake-extras.cmake
[2.802s] -- Symlinking: /home/osboxes/ros2-end-to-end/ros2_system/install/rt_msgs/share/rt_msgs/cmake/ament_cmake_export_dependencies-extras.cmake
[2.806s] -- Symlinking: /home/osboxes/ros2-end-to-end/ros2_system/install/rt_msgs/share/rt_msgs/cmake/ament_cmake_export_libraries-extras.cmake
[2.811s] -- Symlinking: /home/osboxes/ros2-end-to-end/ros2_system/install/rt_msgs/share/rt_msgs/cmake/ament_cmake_export_targets-extras.cmake
[2.815s] -- Symlinking: /home/osboxes/ros2-end-to-end/ros2_system/install/rt_msgs/share/rt_msgs/cmake/ament_cmake_export_include_directories-extras.cmake
[2.819s] -- Symlinking: /home/osboxes/ros2-end-to-end/ros2_system/install/rt_msgs/share/rt_msgs/cmake/rosidl_cmake_export_typesupport_libraries-extras.cmake
[2.824s] -- Symlinking: /home/osboxes/ros2-end-to-end/ros2_system/install/rt_msgs/share/rt_msgs/cmake/rosidl_cmake_export_typesupport_targets-extras.cmake
[2.828s] -- Symlinking: /home/osboxes/ros2-end-to-end/ros2_system/install/rt_msgs/share/rt_msgs/cmake/rt_msgsConfig.cmake
[2.832s] -- Symlinking: /home/osboxes/ros2-end-to-end/ros2_system/install/rt_msgs/share/rt_msgs/cmake/rt_msgsConfig-version.cmake
[2.837s] -- Symlinking: /home/osboxes/ros2-end-to-end/ros2_system/install/rt_msgs/share/rt_msgs/package.xml
[2.841s] -- Installing: /home/osboxes/ros2-end-to-end/ros2_system/install/rt_msgs/lib/librt_msgs__rosidl_generator_c.so
[2.841s] -- Set runtime path of "/home/osboxes/ros2-end-to-end/ros2_system/install/rt_msgs/lib/librt_msgs__rosidl_generator_c.so" to ""
[2.841s] -- Installing: /home/osboxes/ros2-end-to-end/ros2_system/install/rt_msgs/lib/librt_msgs__rosidl_typesupport_introspection_c.so
[2.842s] -- Set runtime path of "/home/osboxes/ros2-end-to-end/ros2_system/install/rt_msgs/lib/librt_msgs__rosidl_typesupport_introspection_c.so" to ""
[2.842s] -- Installing: /home/osboxes/ros2-end-to-end/ros2_system/install/rt_msgs/lib/librt_msgs__rosidl_typesupport_c.so
[2.842s] -- Set runtime path of "/home/osboxes/ros2-end-to-end/ros2_system/install/rt_msgs/lib/librt_msgs__rosidl_typesupport_c.so" to ""
[2.842s] -- Installing: /home/osboxes/ros2-end-to-end/ros2_system/install/rt_msgs/lib/librt_msgs__rosidl_typesupport_introspection_cpp.so
[2.842s] -- Set runtime path of "/home/osboxes/ros2-end-to-end/ros2_system/install/rt_msgs/lib/librt_msgs__rosidl_typesupport_introspection_cpp.so" to ""
[2.842s] -- Installing: /home/osboxes/ros2-end-to-end/ros2_system/install/rt_msgs/lib/librt_msgs__rosidl_typesupport_cpp.so
[2.843s] -- Set runtime path of "/home/osboxes/ros2-end-to-end/ros2_system/install/rt_msgs/lib/librt_msgs__rosidl_typesupport_cpp.so" to ""
[2.860s] Compiling '/home/osboxes/ros2-end-to-end/ros2_system/install/rt_msgs/lib/python3.8/site-packages/rt_msgs/__init__.py'...
[2.862s] -- Installing: /home/osboxes/ros2-end-to-end/ros2_system/install/rt_msgs/share/rt_msgs/cmake/rt_msgs__rosidl_generator_cExport.cmake
[2.862s] -- Installing: /home/osboxes/ros2-end-to-end/ros2_system/install/rt_msgs/share/rt_msgs/cmake/rt_msgs__rosidl_generator_cExport-noconfig.cmake
[2.862s] -- Installing: /home/osboxes/ros2-end-to-end/ros2_system/install/rt_msgs/share/rt_msgs/cmake/rt_msgs__rosidl_typesupport_introspection_cExport.cmake
[2.862s] -- Installing: /home/osboxes/ros2-end-to-end/ros2_system/install/rt_msgs/share/rt_msgs/cmake/rt_msgs__rosidl_typesupport_introspection_cExport-noconfig.cmake
[2.862s] -- Installing: /home/osboxes/ros2-end-to-end/ros2_system/install/rt_msgs/share/rt_msgs/cmake/rt_msgs__rosidl_typesupport_cExport.cmake
[2.863s] -- Installing: /home/osboxes/ros2-end-to-end/ros2_system/install/rt_msgs/share/rt_msgs/cmake/rt_msgs__rosidl_typesupport_cExport-noconfig.cmake
[2.863s] -- Installing: /home/osboxes/ros2-end-to-end/ros2_system/install/rt_msgs/share/rt_msgs/cmake/rt_msgs__rosidl_generator_cppExport.cmake
[2.863s] -- Installing: /home/osboxes/ros2-end-to-end/ros2_system/install/rt_msgs/share/rt_msgs/cmake/rt_msgs__rosidl_typesupport_introspection_cppExport.cmake
[2.863s] -- Installing: /home/osboxes/ros2-end-to-end/ros2_system/install/rt_msgs/share/rt_msgs/cmake/rt_msgs__rosidl_typesupport_introspection_cppExport-noconfig.cmake
[2.863s] -- Installing: /home/osboxes/ros2-end-to-end/ros2_system/install/rt_msgs/share/rt_msgs/cmake/rt_msgs__rosidl_typesupport_cppExport.cmake
[2.863s] -- Installing: /home/osboxes/ros2-end-to-end/ros2_system/install/rt_msgs/share/rt_msgs/cmake/rt_msgs__rosidl_typesupport_cppExport-noconfig.cmake
[2.865s] Invoked command in '/home/osboxes/ros2-end-to-end/ros2_system/build/rt_msgs' returned '0': CMAKE_PREFIX_PATH=/opt/ros/foxy /usr/bin/cmake --install /home/osboxes/ros2-end-to-end/ros2_system/build/rt_msgs
